<?xml version="1.0" encoding="UTF-8"?>
<!-- Generated by org.testng.reporters.JUnitXMLReporter -->
<testsuite hostname="LAPTOP-D2GVCL39" ignored="0" name="Default test" tests="9" failures="0" timestamp="2022-12-16T20:21:38 IST" time="185.27" errors="0">
  <testcase name="verifyNewCategoryCanBeAddedOnCategoryPage" time="18.361" classname="regression.InventoryCategoryTest"/>
  <testcase name="verifySuccessBannerIsDisplayedForNewlyAddedCategory" time="1.017" classname="regression.InventoryCategoryTest"/>
  <testcase name="verifyCountIsIncreasedByOneAfterAddigngNewCategory" time="10.062" classname="regression.InventoryCategoryTest"/>
  <testcase name="verifyUserCanEditExistingCategory" time="27.553" classname="regression.InventoryCategoryTest"/>
  <testcase name="successBannerIsDisplayedForEditedCategory" time="0.493" classname="regression.InventoryCategoryTest"/>
  <testcase name="verifyCountIsNotChangedAfterEditingExistingCategory" time="11.866" classname="regression.InventoryCategoryTest"/>
  <testcase name="verifyExistingCategoryCanBeDeleted" time="17.242" classname="regression.InventoryCategoryTest"/>
  <testcase name="verifySuccessBannerIsDisplayedForDeletedCategory" time="0.253" classname="regression.InventoryCategoryTest"/>
  <testcase name="verifyCountIsDecreasedByOneAfterDeletingCategory" time="11.889" classname="regression.InventoryCategoryTest"/>
</testsuite> <!-- Default test -->
