<?xml version="1.0" encoding="UTF-8"?>
<testng-results skipped="0" failed="0" ignored="0" total="9" passed="9">
  <reporter-output>
  </reporter-output>
  <suite name="Default suite" duration-ms="185270" started-at="2022-12-16T20:18:33 IST" finished-at="2022-12-16T20:21:38 IST">
    <groups>
    </groups>
    <test name="Default test" duration-ms="185270" started-at="2022-12-16T20:18:33 IST" finished-at="2022-12-16T20:21:38 IST">
      <class name="regression.InventoryCategoryTest">
        <test-method status="PASS" signature="beforeSuite()[pri:0, instance:regression.InventoryCategoryTest@33f88ab]" name="beforeSuite" is-config="true" duration-ms="520" started-at="2022-12-16T20:18:32 IST" finished-at="2022-12-16T20:18:33 IST">
          <reporter-output>
          </reporter-output>
        </test-method> <!-- beforeSuite -->
        <test-method status="PASS" signature="beforeClassOfA()[pri:0, instance:regression.InventoryCategoryTest@33f88ab]" name="beforeClassOfA" is-config="true" duration-ms="20012" started-at="2022-12-16T20:18:33 IST" finished-at="2022-12-16T20:18:53 IST">
          <reporter-output>
          </reporter-output>
        </test-method> <!-- beforeClassOfA -->
        <test-method status="PASS" signature="beforeMethod(java.lang.reflect.Method)[pri:0, instance:regression.InventoryCategoryTest@33f88ab]" name="beforeMethod" is-config="true" duration-ms="10" started-at="2022-12-16T20:18:53 IST" finished-at="2022-12-16T20:18:53 IST">
          <params>
            <param index="0">
              <value>
                <![CDATA[public void regression.InventoryCategoryTest.verifyNewCategoryCanBeAddedOnCategoryPage()]]>
              </value>
            </param>
          </params>
          <reporter-output>
          </reporter-output>
        </test-method> <!-- beforeMethod -->
        <test-method status="PASS" signature="verifyNewCategoryCanBeAddedOnCategoryPage()[pri:1, instance:regression.InventoryCategoryTest@33f88ab]" name="verifyNewCategoryCanBeAddedOnCategoryPage" duration-ms="18361" started-at="2022-12-16T20:18:53 IST" finished-at="2022-12-16T20:19:11 IST">
          <reporter-output>
          </reporter-output>
        </test-method> <!-- verifyNewCategoryCanBeAddedOnCategoryPage -->
        <test-method status="PASS" signature="afterMethod(org.testng.ITestResult)[pri:0, instance:regression.InventoryCategoryTest@33f88ab]" name="afterMethod" is-config="true" duration-ms="0" started-at="2022-12-16T20:19:11 IST" finished-at="2022-12-16T20:19:11 IST">
          <params>
            <param index="0">
              <value>
                <![CDATA[[TestResult name=verifyNewCategoryCanBeAddedOnCategoryPage status=SUCCESS method=InventoryCategoryTest.verifyNewCategoryCanBeAddedOnCategoryPage()[pri:1, instance:regression.InventoryCategoryTest@33f88ab] output={null}]]]>
              </value>
            </param>
          </params>
          <reporter-output>
          </reporter-output>
        </test-method> <!-- afterMethod -->
        <test-method status="PASS" signature="verifySuccessBannerIsDisplayedForNewlyAddedCategory()[pri:2, instance:regression.InventoryCategoryTest@33f88ab]" name="verifySuccessBannerIsDisplayedForNewlyAddedCategory" duration-ms="1017" started-at="2022-12-16T20:19:11 IST" finished-at="2022-12-16T20:19:13 IST">
          <reporter-output>
          </reporter-output>
        </test-method> <!-- verifySuccessBannerIsDisplayedForNewlyAddedCategory -->
        <test-method status="PASS" signature="beforeMethod(java.lang.reflect.Method)[pri:0, instance:regression.InventoryCategoryTest@33f88ab]" name="beforeMethod" is-config="true" duration-ms="0" started-at="2022-12-16T20:19:11 IST" finished-at="2022-12-16T20:19:11 IST">
          <params>
            <param index="0">
              <value>
                <![CDATA[public void regression.InventoryCategoryTest.verifySuccessBannerIsDisplayedForNewlyAddedCategory()]]>
              </value>
            </param>
          </params>
          <reporter-output>
          </reporter-output>
        </test-method> <!-- beforeMethod -->
        <test-method status="PASS" signature="afterMethod(org.testng.ITestResult)[pri:0, instance:regression.InventoryCategoryTest@33f88ab]" name="afterMethod" is-config="true" duration-ms="1" started-at="2022-12-16T20:19:13 IST" finished-at="2022-12-16T20:19:13 IST">
          <params>
            <param index="0">
              <value>
                <![CDATA[[TestResult name=verifySuccessBannerIsDisplayedForNewlyAddedCategory status=SUCCESS method=InventoryCategoryTest.verifySuccessBannerIsDisplayedForNewlyAddedCategory()[pri:2, instance:regression.InventoryCategoryTest@33f88ab] output={null}]]]>
              </value>
            </param>
          </params>
          <reporter-output>
          </reporter-output>
        </test-method> <!-- afterMethod -->
        <test-method status="PASS" signature="beforeMethod(java.lang.reflect.Method)[pri:0, instance:regression.InventoryCategoryTest@33f88ab]" name="beforeMethod" is-config="true" duration-ms="1" started-at="2022-12-16T20:19:13 IST" finished-at="2022-12-16T20:19:13 IST">
          <params>
            <param index="0">
              <value>
                <![CDATA[public void regression.InventoryCategoryTest.verifyCountIsIncreasedByOneAfterAddigngNewCategory()]]>
              </value>
            </param>
          </params>
          <reporter-output>
          </reporter-output>
        </test-method> <!-- beforeMethod -->
        <test-method status="PASS" signature="verifyCountIsIncreasedByOneAfterAddigngNewCategory()[pri:3, instance:regression.InventoryCategoryTest@33f88ab]" name="verifyCountIsIncreasedByOneAfterAddigngNewCategory" duration-ms="10062" started-at="2022-12-16T20:19:13 IST" finished-at="2022-12-16T20:19:23 IST">
          <reporter-output>
          </reporter-output>
        </test-method> <!-- verifyCountIsIncreasedByOneAfterAddigngNewCategory -->
        <test-method status="PASS" signature="afterMethod(org.testng.ITestResult)[pri:0, instance:regression.InventoryCategoryTest@33f88ab]" name="afterMethod" is-config="true" duration-ms="1" started-at="2022-12-16T20:19:23 IST" finished-at="2022-12-16T20:19:23 IST">
          <params>
            <param index="0">
              <value>
                <![CDATA[[TestResult name=verifyCountIsIncreasedByOneAfterAddigngNewCategory status=SUCCESS method=InventoryCategoryTest.verifyCountIsIncreasedByOneAfterAddigngNewCategory()[pri:3, instance:regression.InventoryCategoryTest@33f88ab] output={null}]]]>
              </value>
            </param>
          </params>
          <reporter-output>
          </reporter-output>
        </test-method> <!-- afterMethod -->
        <test-method status="PASS" signature="beforeMethod(java.lang.reflect.Method)[pri:0, instance:regression.InventoryCategoryTest@33f88ab]" name="beforeMethod" is-config="true" duration-ms="1" started-at="2022-12-16T20:19:23 IST" finished-at="2022-12-16T20:19:23 IST">
          <params>
            <param index="0">
              <value>
                <![CDATA[public void regression.InventoryCategoryTest.verifyUserCanEditExistingCategory()]]>
              </value>
            </param>
          </params>
          <reporter-output>
          </reporter-output>
        </test-method> <!-- beforeMethod -->
        <test-method status="PASS" signature="verifyUserCanEditExistingCategory()[pri:4, instance:regression.InventoryCategoryTest@33f88ab]" name="verifyUserCanEditExistingCategory" duration-ms="27553" started-at="2022-12-16T20:19:23 IST" finished-at="2022-12-16T20:19:50 IST">
          <reporter-output>
          </reporter-output>
        </test-method> <!-- verifyUserCanEditExistingCategory -->
        <test-method status="PASS" signature="afterMethod(org.testng.ITestResult)[pri:0, instance:regression.InventoryCategoryTest@33f88ab]" name="afterMethod" is-config="true" duration-ms="1" started-at="2022-12-16T20:19:50 IST" finished-at="2022-12-16T20:19:50 IST">
          <params>
            <param index="0">
              <value>
                <![CDATA[[TestResult name=verifyUserCanEditExistingCategory status=SUCCESS method=InventoryCategoryTest.verifyUserCanEditExistingCategory()[pri:4, instance:regression.InventoryCategoryTest@33f88ab] output={null}]]]>
              </value>
            </param>
          </params>
          <reporter-output>
          </reporter-output>
        </test-method> <!-- afterMethod -->
        <test-method status="PASS" signature="beforeMethod(java.lang.reflect.Method)[pri:0, instance:regression.InventoryCategoryTest@33f88ab]" name="beforeMethod" is-config="true" duration-ms="1" started-at="2022-12-16T20:19:50 IST" finished-at="2022-12-16T20:19:50 IST">
          <params>
            <param index="0">
              <value>
                <![CDATA[public void regression.InventoryCategoryTest.successBannerIsDisplayedForEditedCategory()]]>
              </value>
            </param>
          </params>
          <reporter-output>
          </reporter-output>
        </test-method> <!-- beforeMethod -->
        <test-method status="PASS" signature="successBannerIsDisplayedForEditedCategory()[pri:5, instance:regression.InventoryCategoryTest@33f88ab]" name="successBannerIsDisplayedForEditedCategory" duration-ms="493" started-at="2022-12-16T20:19:50 IST" finished-at="2022-12-16T20:19:51 IST">
          <reporter-output>
          </reporter-output>
        </test-method> <!-- successBannerIsDisplayedForEditedCategory -->
        <test-method status="PASS" signature="afterMethod(org.testng.ITestResult)[pri:0, instance:regression.InventoryCategoryTest@33f88ab]" name="afterMethod" is-config="true" duration-ms="1" started-at="2022-12-16T20:19:51 IST" finished-at="2022-12-16T20:19:51 IST">
          <params>
            <param index="0">
              <value>
                <![CDATA[[TestResult name=successBannerIsDisplayedForEditedCategory status=SUCCESS method=InventoryCategoryTest.successBannerIsDisplayedForEditedCategory()[pri:5, instance:regression.InventoryCategoryTest@33f88ab] output={null}]]]>
              </value>
            </param>
          </params>
          <reporter-output>
          </reporter-output>
        </test-method> <!-- afterMethod -->
        <test-method status="PASS" signature="beforeMethod(java.lang.reflect.Method)[pri:0, instance:regression.InventoryCategoryTest@33f88ab]" name="beforeMethod" is-config="true" duration-ms="0" started-at="2022-12-16T20:19:51 IST" finished-at="2022-12-16T20:19:51 IST">
          <params>
            <param index="0">
              <value>
                <![CDATA[public void regression.InventoryCategoryTest.verifyCountIsNotChangedAfterEditingExistingCategory()]]>
              </value>
            </param>
          </params>
          <reporter-output>
          </reporter-output>
        </test-method> <!-- beforeMethod -->
        <test-method status="PASS" signature="verifyCountIsNotChangedAfterEditingExistingCategory()[pri:6, instance:regression.InventoryCategoryTest@33f88ab]" name="verifyCountIsNotChangedAfterEditingExistingCategory" duration-ms="11866" started-at="2022-12-16T20:19:51 IST" finished-at="2022-12-16T20:20:03 IST">
          <reporter-output>
          </reporter-output>
        </test-method> <!-- verifyCountIsNotChangedAfterEditingExistingCategory -->
        <test-method status="PASS" signature="afterMethod(org.testng.ITestResult)[pri:0, instance:regression.InventoryCategoryTest@33f88ab]" name="afterMethod" is-config="true" duration-ms="2" started-at="2022-12-16T20:20:03 IST" finished-at="2022-12-16T20:20:03 IST">
          <params>
            <param index="0">
              <value>
                <![CDATA[[TestResult name=verifyCountIsNotChangedAfterEditingExistingCategory status=SUCCESS method=InventoryCategoryTest.verifyCountIsNotChangedAfterEditingExistingCategory()[pri:6, instance:regression.InventoryCategoryTest@33f88ab] output={null}]]]>
              </value>
            </param>
          </params>
          <reporter-output>
          </reporter-output>
        </test-method> <!-- afterMethod -->
        <test-method status="PASS" signature="beforeMethod(java.lang.reflect.Method)[pri:0, instance:regression.InventoryCategoryTest@33f88ab]" name="beforeMethod" is-config="true" duration-ms="1" started-at="2022-12-16T20:20:03 IST" finished-at="2022-12-16T20:20:03 IST">
          <params>
            <param index="0">
              <value>
                <![CDATA[public void regression.InventoryCategoryTest.verifyExistingCategoryCanBeDeleted()]]>
              </value>
            </param>
          </params>
          <reporter-output>
          </reporter-output>
        </test-method> <!-- beforeMethod -->
        <test-method status="PASS" signature="verifyExistingCategoryCanBeDeleted()[pri:7, instance:regression.InventoryCategoryTest@33f88ab]" name="verifyExistingCategoryCanBeDeleted" duration-ms="17242" started-at="2022-12-16T20:20:03 IST" finished-at="2022-12-16T20:20:20 IST">
          <reporter-output>
          </reporter-output>
        </test-method> <!-- verifyExistingCategoryCanBeDeleted -->
        <test-method status="PASS" signature="afterMethod(org.testng.ITestResult)[pri:0, instance:regression.InventoryCategoryTest@33f88ab]" name="afterMethod" is-config="true" duration-ms="1" started-at="2022-12-16T20:20:20 IST" finished-at="2022-12-16T20:20:20 IST">
          <params>
            <param index="0">
              <value>
                <![CDATA[[TestResult name=verifyExistingCategoryCanBeDeleted status=SUCCESS method=InventoryCategoryTest.verifyExistingCategoryCanBeDeleted()[pri:7, instance:regression.InventoryCategoryTest@33f88ab] output={null}]]]>
              </value>
            </param>
          </params>
          <reporter-output>
          </reporter-output>
        </test-method> <!-- afterMethod -->
        <test-method status="PASS" signature="beforeMethod(java.lang.reflect.Method)[pri:0, instance:regression.InventoryCategoryTest@33f88ab]" name="beforeMethod" is-config="true" duration-ms="2" started-at="2022-12-16T20:20:20 IST" finished-at="2022-12-16T20:20:20 IST">
          <params>
            <param index="0">
              <value>
                <![CDATA[public void regression.InventoryCategoryTest.verifySuccessBannerIsDisplayedForDeletedCategory()]]>
              </value>
            </param>
          </params>
          <reporter-output>
          </reporter-output>
        </test-method> <!-- beforeMethod -->
        <test-method status="PASS" signature="verifySuccessBannerIsDisplayedForDeletedCategory()[pri:8, instance:regression.InventoryCategoryTest@33f88ab]" name="verifySuccessBannerIsDisplayedForDeletedCategory" duration-ms="253" started-at="2022-12-16T20:20:20 IST" finished-at="2022-12-16T20:20:20 IST">
          <reporter-output>
          </reporter-output>
        </test-method> <!-- verifySuccessBannerIsDisplayedForDeletedCategory -->
        <test-method status="PASS" signature="afterMethod(org.testng.ITestResult)[pri:0, instance:regression.InventoryCategoryTest@33f88ab]" name="afterMethod" is-config="true" duration-ms="1" started-at="2022-12-16T20:20:20 IST" finished-at="2022-12-16T20:20:20 IST">
          <params>
            <param index="0">
              <value>
                <![CDATA[[TestResult name=verifySuccessBannerIsDisplayedForDeletedCategory status=SUCCESS method=InventoryCategoryTest.verifySuccessBannerIsDisplayedForDeletedCategory()[pri:8, instance:regression.InventoryCategoryTest@33f88ab] output={null}]]]>
              </value>
            </param>
          </params>
          <reporter-output>
          </reporter-output>
        </test-method> <!-- afterMethod -->
        <test-method status="PASS" signature="verifyCountIsDecreasedByOneAfterDeletingCategory()[pri:9, instance:regression.InventoryCategoryTest@33f88ab]" name="verifyCountIsDecreasedByOneAfterDeletingCategory" duration-ms="11889" started-at="2022-12-16T20:20:20 IST" finished-at="2022-12-16T20:20:32 IST">
          <reporter-output>
          </reporter-output>
        </test-method> <!-- verifyCountIsDecreasedByOneAfterDeletingCategory -->
        <test-method status="PASS" signature="beforeMethod(java.lang.reflect.Method)[pri:0, instance:regression.InventoryCategoryTest@33f88ab]" name="beforeMethod" is-config="true" duration-ms="0" started-at="2022-12-16T20:20:20 IST" finished-at="2022-12-16T20:20:20 IST">
          <params>
            <param index="0">
              <value>
                <![CDATA[public void regression.InventoryCategoryTest.verifyCountIsDecreasedByOneAfterDeletingCategory()]]>
              </value>
            </param>
          </params>
          <reporter-output>
          </reporter-output>
        </test-method> <!-- beforeMethod -->
        <test-method status="PASS" signature="afterMethod(org.testng.ITestResult)[pri:0, instance:regression.InventoryCategoryTest@33f88ab]" name="afterMethod" is-config="true" duration-ms="3" started-at="2022-12-16T20:20:32 IST" finished-at="2022-12-16T20:20:32 IST">
          <params>
            <param index="0">
              <value>
                <![CDATA[[TestResult name=verifyCountIsDecreasedByOneAfterDeletingCategory status=SUCCESS method=InventoryCategoryTest.verifyCountIsDecreasedByOneAfterDeletingCategory()[pri:9, instance:regression.InventoryCategoryTest@33f88ab] output={null}]]]>
              </value>
            </param>
          </params>
          <reporter-output>
          </reporter-output>
        </test-method> <!-- afterMethod -->
        <test-method status="PASS" signature="afterClass()[pri:0, instance:regression.InventoryCategoryTest@33f88ab]" name="afterClass" is-config="true" duration-ms="66343" started-at="2022-12-16T20:20:32 IST" finished-at="2022-12-16T20:21:38 IST">
          <reporter-output>
          </reporter-output>
        </test-method> <!-- afterClass -->
        <test-method status="PASS" signature="afterSuiteMethod()[pri:0, instance:regression.InventoryCategoryTest@33f88ab]" name="afterSuiteMethod" is-config="true" duration-ms="2999" started-at="2022-12-16T20:21:39 IST" finished-at="2022-12-16T20:21:42 IST">
          <reporter-output>
          </reporter-output>
        </test-method> <!-- afterSuiteMethod -->
      </class> <!-- regression.InventoryCategoryTest -->
    </test> <!-- Default test -->
  </suite> <!-- Default suite -->
</testng-results>
